Unity Editor version:    2021.3.24f1 (cf10dcf7010d)
Branch:                  2021.3/staging
Build type:              Release
Batch mode:              YES
macOS version:           Version 13.0 (Build 22A8380)
Darwin version:          22.1.0
Architecture:            arm64
Running under Rosetta:   NO
Available memory:        16384 MB
Using pre-set license
Pro License: YES

COMMAND LINE ARGUMENTS:
/Applications/Unity/Hub/Editor/2021.3.24f1/Unity.app/Contents/MacOS/Unity
-adb2
-batchMode
-noUpm
-name
AssetImportWorker2
-projectPath
/Users/joannalin/Documents/GitHub/IAT-443-PROJECT-2/IAT 443 PROJECT 2 SCENES
-logFile
Logs/AssetImportWorker2.log
-srvPort
56798
Successfully changed project path to: /Users/joannalin/Documents/GitHub/IAT-443-PROJECT-2/IAT 443 PROJECT 2 SCENES
/Users/joannalin/Documents/GitHub/IAT-443-PROJECT-2/IAT 443 PROJECT 2 SCENES
[UnityMemory] Configuration Parameters - Can be set up in boot.config
    "memorysetup-bucket-allocator-granularity=16"
    "memorysetup-bucket-allocator-bucket-count=8"
    "memorysetup-bucket-allocator-block-size=33554432"
    "memorysetup-bucket-allocator-block-count=8"
    "memorysetup-main-allocator-block-size=16777216"
    "memorysetup-thread-allocator-block-size=16777216"
    "memorysetup-gfx-main-allocator-block-size=16777216"
    "memorysetup-gfx-thread-allocator-block-size=16777216"
    "memorysetup-cache-allocator-block-size=4194304"
    "memorysetup-typetree-allocator-block-size=2097152"
    "memorysetup-profiler-bucket-allocator-granularity=16"
    "memorysetup-profiler-bucket-allocator-bucket-count=8"
    "memorysetup-profiler-bucket-allocator-block-size=33554432"
    "memorysetup-profiler-bucket-allocator-block-count=8"
    "memorysetup-profiler-allocator-block-size=16777216"
    "memorysetup-profiler-editor-allocator-block-size=1048576"
    "memorysetup-temp-allocator-size-main=16777216"
    "memorysetup-job-temp-allocator-block-size=2097152"
    "memorysetup-job-temp-allocator-block-size-background=1048576"
    "memorysetup-job-temp-allocator-reduction-small-platforms=262144"
    "memorysetup-temp-allocator-size-background-worker=32768"
    "memorysetup-temp-allocator-size-job-worker=262144"
    "memorysetup-temp-allocator-size-preload-manager=33554432"
    "memorysetup-temp-allocator-size-nav-mesh-worker=65536"
    "memorysetup-temp-allocator-size-audio-worker=65536"
    "memorysetup-temp-allocator-size-cloud-worker=32768"
    "memorysetup-temp-allocator-size-gi-baking-worker=262144"
    "memorysetup-temp-allocator-size-gfx=262144"
Player connection [8205313280] Host "[IP] 192.168.1.114 [Port] 0 [Flags] 2 [Guid] 3888051946 [EditorId] 3888051946 [Version] 1048832 [Id] OSXEditor(0,Joannas-MBP-2.vc.shawcable.net) [Debug] 1 [PackageName] OSXEditor [ProjectName] Editor" joined multi-casting on [225.0.0.222:54997]...

Player connection [8205313280] Host "[IP] 192.168.1.114 [Port] 0 [Flags] 2 [Guid] 3888051946 [EditorId] 3888051946 [Version] 1048832 [Id] OSXEditor(0,Joannas-MBP-2.vc.shawcable.net) [Debug] 1 [PackageName] OSXEditor [ProjectName] Editor" joined alternative multi-casting on [225.0.0.222:34997]...

Refreshing native plugins compatible for Editor in 186.50 ms, found 2 plugins.
Preloading 0 native plugins for Editor in 0.00 ms.
Initialize engine version: 2021.3.24f1 (cf10dcf7010d)
[Subsystems] Discovering subsystems at path /Applications/Unity/Hub/Editor/2021.3.24f1/Unity.app/Contents/Resources/UnitySubsystems
[Subsystems] Discovering subsystems at path /Users/joannalin/Documents/GitHub/IAT-443-PROJECT-2/IAT 443 PROJECT 2 SCENES/Assets
GfxDevice: creating device client; threaded=0; jobified=0
 preferred device: Apple M2 Pro (high power)
Metal devices available: 1
0: Apple M2 Pro (high power)
Using device Apple M2 Pro (high power)
Initializing Metal device caps: Apple M2 Pro
Initialize mono
Mono path[0] = '/Applications/Unity/Hub/Editor/2021.3.24f1/Unity.app/Contents/Managed'
Mono path[1] = '/Applications/Unity/Hub/Editor/2021.3.24f1/Unity.app/Contents/MonoBleedingEdge/lib/mono/unityjit-macos'
Mono config path = '/Applications/Unity/Hub/Editor/2021.3.24f1/Unity.app/Contents/MonoBleedingEdge/etc'
Using monoOptions --debugger-agent=transport=dt_socket,embedding=1,server=y,suspend=n,address=127.0.0.1:56441
Begin MonoManager ReloadAssembly
Registering precompiled unity dll's ...
Register platform support module: /Applications/Unity/Hub/Editor/2021.3.24f1/Unity.app/Contents/PlaybackEngines/MacStandaloneSupport/UnityEditor.OSXStandalone.Extensions.dll
Registered in 0.001772 seconds.
Native extension for OSXStandalone target not found
Refreshing native plugins compatible for Editor in 135.29 ms, found 2 plugins.
Preloading 0 native plugins for Editor in 0.00 ms.
Mono: successfully reloaded assembly
- Completed reload, in  0.804 seconds
Domain Reload Profiling:
	ReloadAssembly (805ms)
		BeginReloadAssembly (103ms)
			ExecutionOrderSort (0ms)
			DisableScriptedObjects (0ms)
			BackupInstance (0ms)
			ReleaseScriptingObjects (0ms)
			CreateAndSetChildDomain (1ms)
		EndReloadAssembly (596ms)
			LoadAssemblies (103ms)
			RebuildTransferFunctionScriptingTraits (1ms)
			SetupTypeCache (130ms)
			ReleaseScriptCaches (0ms)
			RebuildScriptCaches (35ms)
			SetupLoadedEditorAssemblies (367ms)
				LogAssemblyErrors (0ms)
				InitializePlatformSupportModulesInManaged (7ms)
				SetLoadedEditorAssemblies (0ms)
				RefreshPlugins (135ms)
				BeforeProcessingInitializeOnLoad (1ms)
				ProcessInitializeOnLoadAttributes (178ms)
				ProcessInitializeOnLoadMethodAttributes (45ms)
				AfterProcessingInitializeOnLoad (0ms)
				EditorAssembliesLoaded (0ms)
			ExecutionOrderSort2 (0ms)
			AwakeInstancesAfterBackupRestoration (0ms)
Platform modules already initialized, skipping
Registering precompiled user dll's ...
Registered in 0.006490 seconds.
Begin MonoManager ReloadAssembly
Symbol file LoadedFromMemory doesn't match image /Users/joannalin/Documents/GitHub/IAT-443-PROJECT-2/IAT 443 PROJECT 2 SCENES/Library/PackageCache/com.unity.visualscripting@1.8.0/Editor/VisualScripting.Core/Dependencies/YamlDotNet/Unity.VisualScripting.YamlDotNet.dll
Symbol file LoadedFromMemory doesn't match image /Users/joannalin/Documents/GitHub/IAT-443-PROJECT-2/IAT 443 PROJECT 2 SCENES/Library/PackageCache/com.unity.visualscripting@1.8.0/Editor/VisualScripting.Core/Dependencies/DotNetZip/Unity.VisualScripting.IonicZip.dll
Native extension for OSXStandalone target not found
Refreshing native plugins compatible for Editor in 1.12 ms, found 2 plugins.
Preloading 0 native plugins for Editor in 0.00 ms.
Mono: successfully reloaded assembly
- Completed reload, in  1.367 seconds
Domain Reload Profiling:
	ReloadAssembly (1368ms)
		BeginReloadAssembly (112ms)
			ExecutionOrderSort (0ms)
			DisableScriptedObjects (6ms)
			BackupInstance (0ms)
			ReleaseScriptingObjects (0ms)
			CreateAndSetChildDomain (29ms)
		EndReloadAssembly (1137ms)
			LoadAssemblies (86ms)
			RebuildTransferFunctionScriptingTraits (0ms)
			SetupTypeCache (337ms)
			ReleaseScriptCaches (1ms)
			RebuildScriptCaches (72ms)
			SetupLoadedEditorAssemblies (602ms)
				LogAssemblyErrors (0ms)
				InitializePlatformSupportModulesInManaged (4ms)
				SetLoadedEditorAssemblies (0ms)
				RefreshPlugins (1ms)
				BeforeProcessingInitializeOnLoad (102ms)
				ProcessInitializeOnLoadAttributes (472ms)
				ProcessInitializeOnLoadMethodAttributes (19ms)
				AfterProcessingInitializeOnLoad (3ms)
				EditorAssembliesLoaded (0ms)
			ExecutionOrderSort2 (0ms)
			AwakeInstancesAfterBackupRestoration (4ms)
Platform modules already initialized, skipping
========================================================================
Worker process is ready to serve import requests
Launching external process: /Applications/Unity/Hub/Editor/2021.3.24f1/Unity.app/Contents/Tools/UnityShaderCompiler
Launched and connected shader compiler UnityShaderCompiler after 0.18 seconds
Refreshing native plugins compatible for Editor in 1.27 ms, found 2 plugins.
Preloading 0 native plugins for Editor in 0.00 ms.
Unloading 3653 Unused Serialized files (Serialized files now loaded: 0)
Unloading 29 unused Assets / (0.6 MB). Loaded Objects now: 4140.
Memory consumption went from 158.3 MB to 157.8 MB.
Total: 5.921959 ms (FindLiveObjects: 0.216750 ms CreateObjectMapping: 0.117625 ms MarkObjects: 5.096625 ms  DeleteObjects: 0.489959 ms)

AssetImportParameters requested are different than current active one (requested -> active):
  custom:video-decoder-ogg-theora: a1e56fd34408186e4bbccfd4996cb3dc -> 
  custom:container-muxer-webm: aa71ff27fc2769a1b78a27578f13a17b -> 
  custom:container-demuxer-webm: 4f35f7cbe854078d1ac9338744f61a02 -> 
  custom:video-encoder-webm-vp8: eb34c28f22e8b96e1ab97ce403110664 -> 
  custom:framework-osx-AVFoundation: e770b220cccbd017edd2c1fefb359320 -> 
  custom:audio-encoder-webm-vorbis: bf7c407c2cedff20999df2af8eb42d56 -> 
  custom:container-demuxer-ogg: 62fdf1f143b41e24485cea50d1cbac27 -> 
  custom:video-decoder-webm-vp8: 9c59270c3fd7afecdb556c50c9e8de78 -> 
  custom:audio-decoder-ogg-vorbis: bf7c407c2cedff20999df2af8eb42d56 -> 
========================================================================
Received Import Request.
  Time since last request: 386761.356918 seconds.
  path: Assets/3D models/house-plant/textures/pot.mat
  artifactKey: Guid(b12bdfd00996a415bbc5b244e1202617) Importer(815301076,1909f56bfc062723c751e8b465ee728b)
Start importing Assets/3D models/house-plant/textures/pot.mat using Guid(b12bdfd00996a415bbc5b244e1202617) Importer(815301076,1909f56bfc062723c751e8b465ee728b)  -> (artifact id: '5a830768831c15798987f910302fe8f2') in 0.340774 seconds 
========================================================================
Received Import Request.
  Time since last request: 20.846162 seconds.
  path: Assets/3D models/house-plant/textures/soil.mat
  artifactKey: Guid(a0c72ba6bb65248458f56375dd4a3a9f) Importer(815301076,1909f56bfc062723c751e8b465ee728b)
Start importing Assets/3D models/house-plant/textures/soil.mat using Guid(a0c72ba6bb65248458f56375dd4a3a9f) Importer(815301076,1909f56bfc062723c751e8b465ee728b)  -> (artifact id: '2d69de1298aefe737bfa942708752e37') in 0.026767 seconds 
========================================================================
Received Import Request.
  Time since last request: 425.155448 seconds.
  path: Assets/3D models/house-plant/textures/green.mat
  artifactKey: Guid(1c948e40931e44a8283dfb191043cd82) Importer(815301076,1909f56bfc062723c751e8b465ee728b)
Start importing Assets/3D models/house-plant/textures/green.mat using Guid(1c948e40931e44a8283dfb191043cd82) Importer(815301076,1909f56bfc062723c751e8b465ee728b)  -> (artifact id: '25296dd1bd39d00c8abc931caf2fec63') in 0.049864 seconds 
========================================================================
Received Import Request.
  Time since last request: 99.514423 seconds.
  path: Assets/3D models/house-plant/textures/green.mat
  artifactKey: Guid(1c948e40931e44a8283dfb191043cd82) Importer(815301076,1909f56bfc062723c751e8b465ee728b)
Start importing Assets/3D models/house-plant/textures/green.mat using Guid(1c948e40931e44a8283dfb191043cd82) Importer(815301076,1909f56bfc062723c751e8b465ee728b)  -> (artifact id: '58799a99ec1397bf6742fed07d75615d') in 0.055739 seconds 
========================================================================
Received Import Request.
  Time since last request: 0.000221 seconds.
  path: Assets/3D models/house-plant/textures/pot.mat
  artifactKey: Guid(b12bdfd00996a415bbc5b244e1202617) Importer(815301076,1909f56bfc062723c751e8b465ee728b)
Start importing Assets/3D models/house-plant/textures/pot.mat using Guid(b12bdfd00996a415bbc5b244e1202617) Importer(815301076,1909f56bfc062723c751e8b465ee728b)  -> (artifact id: '5ab22b1e4243be07367caaeff9310393') in 0.022449 seconds 
========================================================================
Received Import Request.
  Time since last request: 507.447888 seconds.
  path: Assets/3D models/eric-tripod-table-lamp-white
  artifactKey: Guid(ee571e4ced9094121abb4e51d02f43ea) Importer(815301076,1909f56bfc062723c751e8b465ee728b)
Start importing Assets/3D models/eric-tripod-table-lamp-white using Guid(ee571e4ced9094121abb4e51d02f43ea) Importer(815301076,1909f56bfc062723c751e8b465ee728b)  -> (artifact id: 'a6d870f4fd05db512bac3e2d5d5b877b') in 0.003878 seconds 
========================================================================
Received Import Request.
  Time since last request: 0.933012 seconds.
  path: Assets/3D models/eric-tripod-table-lamp-white/source
  artifactKey: Guid(243fb6465c6874292b6663328fb53bdb) Importer(815301076,1909f56bfc062723c751e8b465ee728b)
Start importing Assets/3D models/eric-tripod-table-lamp-white/source using Guid(243fb6465c6874292b6663328fb53bdb) Importer(815301076,1909f56bfc062723c751e8b465ee728b)  -> (artifact id: '05a5df8d604daf478a2c5934864a483d') in 0.001375 seconds 
========================================================================
Received Import Request.
  Time since last request: 0.034491 seconds.
  path: Assets/3D models/eric-tripod-table-lamp-white/source/Eric Tripod Table Lamp.fbx
  artifactKey: Guid(e44eb4f1e608a421fa9ee91aaa60a22d) Importer(815301076,1909f56bfc062723c751e8b465ee728b)
Start importing Assets/3D models/eric-tripod-table-lamp-white/source/Eric Tripod Table Lamp.fbx using Guid(e44eb4f1e608a421fa9ee91aaa60a22d) Importer(815301076,1909f56bfc062723c751e8b465ee728b)  -> (artifact id: 'd9187a6b01cf59d656b27128ee0bcc9b') in 0.266934 seconds 
========================================================================
Received Import Request.
  Time since last request: 55.286234 seconds.
  path: Assets/3D models/eric-tripod-table-lamp-white/textures
  artifactKey: Guid(21ace498916ac4f92b292ac5a026917a) Importer(815301076,1909f56bfc062723c751e8b465ee728b)
Start importing Assets/3D models/eric-tripod-table-lamp-white/textures using Guid(21ace498916ac4f92b292ac5a026917a) Importer(815301076,1909f56bfc062723c751e8b465ee728b)  -> (artifact id: 'df203a3c27872c1399365557360e16b4') in 0.002946 seconds 
========================================================================
Received Import Request.
  Time since last request: 0.028944 seconds.
  path: Assets/3D models/eric-tripod-table-lamp-white/textures/Eric_Tripod_Table_Lamp_diffuse.jpg
  artifactKey: Guid(63a2b6bf054a64d618dadf6025061351) Importer(815301076,1909f56bfc062723c751e8b465ee728b)
Start importing Assets/3D models/eric-tripod-table-lamp-white/textures/Eric_Tripod_Table_Lamp_diffuse.jpg using Guid(63a2b6bf054a64d618dadf6025061351) Importer(815301076,1909f56bfc062723c751e8b465ee728b)  -> (artifact id: '7766f41153ffb4b71d8fc717f29641b9') in 0.266603 seconds 
========================================================================
Received Import Request.
  Time since last request: 14.791308 seconds.
  path: Assets/3D models/eric-tripod-table-lamp-white/textures/table map.mat
  artifactKey: Guid(b24145203469347ba9dd387fa663319c) Importer(815301076,1909f56bfc062723c751e8b465ee728b)
Start importing Assets/3D models/eric-tripod-table-lamp-white/textures/table map.mat using Guid(b24145203469347ba9dd387fa663319c) Importer(815301076,1909f56bfc062723c751e8b465ee728b)  -> (artifact id: 'ff903ccd5224ed0927c8e2558a6ab88d') in 0.051392 seconds 
========================================================================
Received Import Request.
  Time since last request: 4.922681 seconds.
  path: Assets/3D models/eric-tripod-table-lamp-white/textures/table lamp.mat
  artifactKey: Guid(b24145203469347ba9dd387fa663319c) Importer(815301076,1909f56bfc062723c751e8b465ee728b)
Start importing Assets/3D models/eric-tripod-table-lamp-white/textures/table lamp.mat using Guid(b24145203469347ba9dd387fa663319c) Importer(815301076,1909f56bfc062723c751e8b465ee728b)  -> (artifact id: '31c6b5627d7b0237c0d2db9deb7e6aac') in 0.010434 seconds 
========================================================================
Received Import Request.
  Time since last request: 7.407120 seconds.
  path: Packages/com.unity.timeline/Editor/StyleSheets/Images/Icons/TimelineHeaderMarkerIcon.png
  artifactKey: Guid(bf1debab21103154b99778ba6e074175) Importer(815301076,1909f56bfc062723c751e8b465ee728b)
Start importing Packages/com.unity.timeline/Editor/StyleSheets/Images/Icons/TimelineHeaderMarkerIcon.png using Guid(bf1debab21103154b99778ba6e074175) Importer(815301076,1909f56bfc062723c751e8b465ee728b)  -> (artifact id: '4011f70f547fe5d3ce81802adf0f7eb7') in 0.088248 seconds 
========================================================================
Received Import Request.
  Time since last request: 63.261434 seconds.
  path: Assets/3D models/eric-tripod-table-lamp-white/textures/table lamp.mat
  artifactKey: Guid(b24145203469347ba9dd387fa663319c) Importer(815301076,1909f56bfc062723c751e8b465ee728b)
Start importing Assets/3D models/eric-tripod-table-lamp-white/textures/table lamp.mat using Guid(b24145203469347ba9dd387fa663319c) Importer(815301076,1909f56bfc062723c751e8b465ee728b)  -> (artifact id: 'abcea4793733d18834da85df26fe59a9') in 0.040684 seconds 
